============================================================
  Generated by:           Genus(TM) Synthesis Solution 20.11-s111_1
  Generated on:           Nov 03 2023  08:36:35 am
  Module:                 top
  Operating conditions:   _nominal_ (balanced_tree)
  Wireload mode:          enclosed
  Area mode:              timing library
============================================================


Path 1: MET (16376 ps) Setup Check with Pin rvsingle_dp_pcreg_q_reg[31]/CLK->D
          Group: clk
     Startpoint: (R) rvsingle_dp_pcreg_q_reg[0]/CLK
          Clock: (R) clk
       Endpoint: (R) rvsingle_dp_pcreg_q_reg[31]/D
          Clock: (R) clk

                     Capture       Launch     
        Clock Edge:+   20000            0     
       Src Latency:+       0            0     
       Net Latency:+       0 (I)        0 (I) 
           Arrival:=   20000            0     
                                              
             Setup:-     110                  
       Uncertainty:-     200                  
     Required Time:=   19690                  
      Launch Clock:-       0                  
         Data Path:-    3314                  
             Slack:=   16376                  

#-----------------------------------------------------------------------------------------------------------------
#              Timing Point               Flags    Arc   Edge   Cell     Fanout Load Trans Delay Arrival Instance 
#                                                                               (fF)  (ps)  (ps)   (ps)  Location 
#-----------------------------------------------------------------------------------------------------------------
  rvsingle_dp_pcreg_q_reg[0]/CLK          -       -      R     (arrival)   1057    -   250     0       0    (-,-) 
  rvsingle_dp_pcreg_q_reg[0]/Q            -       CLK->Q F     SDFFARX1       4  7.4    47   231     231    (-,-) 
  rvsingle_dp_pcaddbranch_add_4_5_g781/C1 -       A0->C1 F     HADDX1         1 10.8    67   112     343    (-,-) 
  rvsingle_dp_pcaddbranch_add_4_5_g780/CO -       B->CO  F     FADDX1         1  7.6    51   105     448    (-,-) 
  rvsingle_dp_pcaddbranch_add_4_5_g779/CO -       CI->CO F     FADDX1         1  7.6    51    97     545    (-,-) 
  rvsingle_dp_pcaddbranch_add_4_5_g778/CO -       CI->CO F     FADDX1         1  7.6    51    97     642    (-,-) 
  rvsingle_dp_pcaddbranch_add_4_5_g777/CO -       CI->CO F     FADDX1         1  7.6    51    97     739    (-,-) 
  rvsingle_dp_pcaddbranch_add_4_5_g776/CO -       CI->CO F     FADDX1         1  7.6    51    97     836    (-,-) 
  rvsingle_dp_pcaddbranch_add_4_5_g775/CO -       CI->CO F     FADDX1         1  7.6    51    97     933    (-,-) 
  rvsingle_dp_pcaddbranch_add_4_5_g774/CO -       CI->CO F     FADDX1         1  7.6    51    97    1030    (-,-) 
  rvsingle_dp_pcaddbranch_add_4_5_g773/CO -       CI->CO F     FADDX1         1  7.6    51    97    1127    (-,-) 
  rvsingle_dp_pcaddbranch_add_4_5_g772/CO -       CI->CO F     FADDX1         1  7.6    51    97    1224    (-,-) 
  rvsingle_dp_pcaddbranch_add_4_5_g771/CO -       CI->CO F     FADDX1         1  7.6    51    97    1322    (-,-) 
  rvsingle_dp_pcaddbranch_add_4_5_g770/CO -       CI->CO F     FADDX1         1  7.6    51    97    1419    (-,-) 
  rvsingle_dp_pcaddbranch_add_4_5_g769/CO -       CI->CO F     FADDX1         1  7.6    51    97    1516    (-,-) 
  rvsingle_dp_pcaddbranch_add_4_5_g768/CO -       CI->CO F     FADDX1         1  7.6    51    97    1613    (-,-) 
  rvsingle_dp_pcaddbranch_add_4_5_g767/CO -       CI->CO F     FADDX1         1  7.6    51    97    1710    (-,-) 
  rvsingle_dp_pcaddbranch_add_4_5_g766/CO -       CI->CO F     FADDX1         1  7.6    51    97    1807    (-,-) 
  rvsingle_dp_pcaddbranch_add_4_5_g765/CO -       CI->CO F     FADDX1         1  7.6    51    97    1904    (-,-) 
  rvsingle_dp_pcaddbranch_add_4_5_g764/CO -       CI->CO F     FADDX1         1  7.6    51    97    2001    (-,-) 
  rvsingle_dp_pcaddbranch_add_4_5_g763/CO -       CI->CO F     FADDX1         1  7.6    51    97    2098    (-,-) 
  rvsingle_dp_pcaddbranch_add_4_5_g762/CO -       CI->CO F     FADDX1         1  7.6    51    97    2195    (-,-) 
  rvsingle_dp_pcaddbranch_add_4_5_g761/CO -       CI->CO F     FADDX1         1  7.6    51    97    2292    (-,-) 
  rvsingle_dp_pcaddbranch_add_4_5_g760/CO -       CI->CO F     FADDX1         1  7.6    51    97    2390    (-,-) 
  rvsingle_dp_pcaddbranch_add_4_5_g759/CO -       CI->CO F     FADDX1         1  7.6    51    97    2487    (-,-) 
  rvsingle_dp_pcaddbranch_add_4_5_g758/CO -       CI->CO F     FADDX1         1  7.6    51    97    2584    (-,-) 
  rvsingle_dp_pcaddbranch_add_4_5_g757/CO -       CI->CO F     FADDX1         1  7.6    51    97    2681    (-,-) 
  rvsingle_dp_pcaddbranch_add_4_5_g756/CO -       CI->CO F     FADDX1         1  7.6    51    97    2778    (-,-) 
  rvsingle_dp_pcaddbranch_add_4_5_g755/CO -       CI->CO F     FADDX1         1  7.6    51    97    2875    (-,-) 
  rvsingle_dp_pcaddbranch_add_4_5_g754/CO -       CI->CO F     FADDX1         1  7.6    51    97    2972    (-,-) 
  rvsingle_dp_pcaddbranch_add_4_5_g753/CO -       CI->CO F     FADDX1         1  7.6    51    97    3069    (-,-) 
  rvsingle_dp_pcaddbranch_add_4_5_g752/CO -       CI->CO F     FADDX1         1  7.6    51    97    3166    (-,-) 
  rvsingle_dp_pcaddbranch_add_4_5_g751/CO -       CI->CO F     FADDX1         1  3.3    40    88    3254    (-,-) 
  rvsingle_dp_pcaddbranch_add_4_5_g750/Q  -       IN3->Q R     XOR3X1         1  1.5    41    60    3314    (-,-) 
  rvsingle_dp_pcreg_q_reg[31]/D           <<<     -      R     SDFFARX1       1    -     -     0    3314    (-,-) 
#-----------------------------------------------------------------------------------------------------------------

