ncverilog(64): 15.20-s086: (c) Copyright 1995-2020 Cadence Design Systems, Inc.
TOOL:	ncverilog	15.20-s086: Started on Oct 03, 2023 at 15:29:38 IST
ncverilog
	tb_imem.v
	imem.v
	+access+rw
	+gui

-------------------------------------
Relinquished control to SimVision...
ncsim> 
ncsim> source /home/install/INCISIVE152/tools/inca/files/ncsimrc
ncsim> database -open waves -into waves.shm -default
Created default SHM database waves
ncsim> probe -create -shm testbench.a testbench.clk testbench.rd
Created probe 1
ncsim> run
Starting memory read testbench
Read data at address 00000000: 00500113
Read data at address 00000004: 00c00193
Read data at address 00000008: ff718393
Read data at address 0000000c: 0023e233
Read data at address 00000010: 0041f2b3
Read data at address 00000014: 004282b3
Read data at address 00000018: 02728863
Read data at address 0000001c: 0041a233
Read data at address 00000020: 00020463
Read data at address 00000024: 00000293
Read data at address 00000028: 0023a233
Read data at address 0000002c: 005203b3
Read data at address 00000030: 402383b3
Read data at address 00000034: 0471aa23
Read data at address 00000038: 06002103
Read data at address 0000003c: 005104b3
Read data at address 00000040: 008001ef
Read data at address 00000044: 00100113
Read data at address 00000048: 00910133
Read data at address 0000004c: 0221a023
Read data at address 00000050: 00210063
Read data at address 00000054: 00000000
Read data at address 00000058: 00000000
Read data at address 0000005c: 00000000
Read data at address 00000060: 00000000
Read data at address 00000064: 00000000
Read data at address 00000068: 00000000
Read data at address 0000006c: 00000000
Read data at address 00000070: 00000000
Read data at address 00000074: 00000000
Read data at address 00000078: 00000000
Read data at address 0000007c: 00000000
Read data at address 00000080: 00000000
Read data at address 00000084: 00000000
Read data at address 00000088: 00000000
Read data at address 0000008c: 00000000
Read data at address 00000090: 00000000
Read data at address 00000094: 00000000
Read data at address 00000098: 00000000
Read data at address 0000009c: 00000000
Read data at address 000000a0: 00000000
Read data at address 000000a4: 00000000
Read data at address 000000a8: 00000000
Read data at address 000000ac: 00000000
Read data at address 000000b0: 00000000
Read data at address 000000b4: 00000000
Read data at address 000000b8: 00000000
Read data at address 000000bc: 00000000
Read data at address 000000c0: 00000000
Read data at address 000000c4: 00000000
Read data at address 000000c8: 00000000
Read data at address 000000cc: 00000000
Read data at address 000000d0: 00000000
Read data at address 000000d4: 00000000
Read data at address 000000d8: 00000000
Read data at address 000000dc: 00000000
Read data at address 000000e0: 00000000
Read data at address 000000e4: 00000078
Read data at address 000000e8: 00000006
Read data at address 000000ec: 00000005
Read data at address 000000f0: 00000003
Read data at address 000000f4: 00000012
Read data at address 000000f8: 00000008
Simulation complete via $finish(1) at time 630 NS + 0
./tb_imem.v:188     $finish;
ncsim> ^C
ncsim> exit
...Regained control from SimVision
-------------------------------------
TOOL:	ncverilog	15.20-s086: Exiting on Oct 03, 2023 at 15:30:50 IST  (total: 00:01:12)
